<?xml version="1.0" encoding="UTF-8"?>
<testng-results skipped="0" failed="0" ignored="0" total="1" passed="1">
  <reporter-output>
  </reporter-output>
  <suite name="Automation Testing" duration-ms="29747" started-at="2022-12-09T08:21:03Z" finished-at="2022-12-09T08:21:32Z">
    <groups>
      <group name="cucumber">
        <method signature="AbstractTestNGCucumberTests.runScenario(io.cucumber.testng.PickleWrapper, io.cucumber.testng.FeatureWrapper)[pri:0, instance:com.saucedemoqa.runner.RunnerSwag@2118cddf]" name="runScenario" class="io.cucumber.testng.AbstractTestNGCucumberTests"/>
      </group> <!-- cucumber -->
    </groups>
    <test name="Default Testing" duration-ms="29747" started-at="2022-12-09T08:21:03Z" finished-at="2022-12-09T08:21:32Z">
      <class name="com.saucedemoqa.runner.RunnerSwag">
        <test-method status="PASS" signature="setUpClass(org.testng.ITestContext)[pri:0, instance:com.saucedemoqa.runner.RunnerSwag@2118cddf]" name="setUpClass" is-config="true" duration-ms="395" started-at="2022-12-09T08:21:03Z" finished-at="2022-12-09T08:21:03Z">
          <params>
            <param index="0">
              <value>
                <![CDATA[org.testng.TestRunner@29149030]]>
              </value>
            </param>
          </params>
          <reporter-output>
          </reporter-output>
        </test-method> <!-- setUpClass -->
        <test-method status="PASS" signature="runScenario(io.cucumber.testng.PickleWrapper, io.cucumber.testng.FeatureWrapper)[pri:0, instance:com.saucedemoqa.runner.RunnerSwag@2118cddf]" name="runScenario" duration-ms="28784" started-at="2022-12-09T08:21:03Z" description="Runs Cucumber Scenarios" data-provider="scenarios" finished-at="2022-12-09T08:21:32Z">
          <params>
            <param index="0">
              <value>
                <![CDATA["User should be able to add 3 or more items to the cart and proceed to checkout."]]>
              </value>
            </param>
            <param index="1">
              <value>
                <![CDATA["Items checkout functionality"]]>
              </value>
            </param>
          </params>
          <reporter-output>
          </reporter-output>
        </test-method> <!-- runScenario -->
        <test-method status="PASS" signature="tearDownClass()[pri:0, instance:com.saucedemoqa.runner.RunnerSwag@2118cddf]" name="tearDownClass" is-config="true" duration-ms="534" started-at="2022-12-09T08:21:32Z" finished-at="2022-12-09T08:21:32Z">
          <reporter-output>
          </reporter-output>
        </test-method> <!-- tearDownClass -->
      </class> <!-- com.saucedemoqa.runner.RunnerSwag -->
    </test> <!-- Default Testing -->
  </suite> <!-- Automation Testing -->
</testng-results>
